<?xml version="1.0" encoding="UTF-8"?>
<!-- Generated by org.testng.reporters.JUnitReportReporter -->
<testsuite skipped="0" hostname="Jyoti-computer" name="Aaa.Checkboxes" tests="1" failures="0" timestamp="2020-11-07T16:10:27 CST" time="0.258" errors="0">
  <testcase name="Check_Box_element" time="0.258" classname="Aaa.Checkboxes"/>
  <system-out/>
</testsuite> <!-- Aaa.Checkboxes -->
